<?xml version="1.0" encoding="UTF-8"?>
<testsuites name="jest tests" tests="1" failures="0" errors="0" time="0.496">
  <testsuite name="undefined" errors="0" failures="0" skipped="0" timestamp="2025-06-24T17:30:44" time="0.192" tests="1">
    <testcase classname=" renders test setup correctly" name=" renders test setup correctly" time="0.009">
    </testcase>
  </testsuite>
</testsuites>